<?xml version="1.0" encoding="UTF-8"?>
<!-- Generated by org.testng.reporters.JUnitReportReporter -->
<testsuite hostname="DESKTOP-TLB4NBT" name="com.test.UIAutomation.HomePage.Sigin" tests="1" failures="0" timestamp="28 Jun 2017 05:56:54 GMT" time="7.225" errors="0">
  <testcase name="VerifyloginApplication" time="7.225" classname="com.test.UIAutomation.HomePage.Sigin"/>
</testsuite> <!-- com.test.UIAutomation.HomePage.Sigin -->
