<?xml version="1.0" encoding="UTF-8"?>
<!-- Generated by org.testng.reporters.JUnitReportReporter -->
<testsuite hostname="DESKTOP-TLB4NBT" name="com.test.UIAutomation.HomePage.TC_003_VerifyListeners" tests="1" failures="0" timestamp="15 Jul 2017 23:10:34 GMT" time="5.184" errors="0">
  <testcase name="VerifyListeners" time="5.184" classname="com.test.UIAutomation.HomePage.TC_003_VerifyListeners"/>
</testsuite> <!-- com.test.UIAutomation.HomePage.TC_003_VerifyListeners -->
