<?xml version="1.0" encoding="UTF-8"?>
<!-- Generated by org.testng.reporters.JUnitReportReporter -->
<testsuite hostname="DESKTOP-TLB4NBT" name="com.test.UIAutomation.HomePage.TC_001Sigin" tests="1" failures="0" timestamp="15 Jul 2017 23:09:55 GMT" time="5.132" errors="0">
  <testcase name="VerifyloginApplication" time="5.132" classname="com.test.UIAutomation.HomePage.TC_001Sigin"/>
</testsuite> <!-- com.test.UIAutomation.HomePage.TC_001Sigin -->
